[{
	"resource": "/home/ahmadradhy/tugasakhir-fairuz/jetson_yolo_count/src/main.rs",
	"owner": "rustc",
	"code": {
		"value": "Click for full compiler diagnostic",
		"target": {
			"$mid": 1,
			"path": "/diagnostic message [0]",
			"scheme": "rust-analyzer-diagnostics-view",
			"query": "0",
			"fragment": "file:///home/ahmadradhy/tugasakhir-fairuz/jetson_yolo_count/src/main.rs"
		}
	},
	"severity": 8,
	"message": "unresolved import `tokio::time`\ncould not find `time` in `tokio`",
	"source": "rustc",
	"startLineNumber": 15,
	"startColumn": 12,
	"endLineNumber": 15,
	"endColumn": 16,
	"relatedInformation": [
		{
			"startLineNumber": 555,
			"startColumn": 13,
			"endLineNumber": 555,
			"endColumn": 17,
			"message": "found an item that was configured out",
			"resource": "/home/ahmadradhy/.cargo/registry/src/index.crates.io-1949cf8c6b5b557f/tokio-1.47.1/src/lib.rs"
		}
	],
	"origin": "extHost1"
},{
	"resource": "/home/ahmadradhy/tugasakhir-fairuz/jetson_yolo_count/src/main.rs",
	"owner": "rustc",
	"code": {
		"value": "Click for full compiler diagnostic",
		"target": {
			"$mid": 1,
			"path": "/diagnostic message [4]",
			"scheme": "rust-analyzer-diagnostics-view",
			"query": "4",
			"fragment": "file:///home/ahmadradhy/tugasakhir-fairuz/jetson_yolo_count/src/main.rs"
		}
	},
	"severity": 8,
	"message": "type annotations needed for `Vec<_>`",
	"source": "rustc",
	"startLineNumber": 122,
	"startColumn": 9,
	"endLineNumber": 122,
	"endColumn": 17,
	"relatedInformation": [
		{
			"startLineNumber": 125,
			"startColumn": 30,
			"endLineNumber": 125,
			"endColumn": 40,
			"message": "type must be known at this point",
			"resource": "/home/ahmadradhy/tugasakhir-fairuz/jetson_yolo_count/src/main.rs"
		},
		{
			"startLineNumber": 122,
			"startColumn": 17,
			"endLineNumber": 122,
			"endColumn": 17,
			"message": "consider giving `keep` an explicit type, where the type for type parameter `T` is specified: `: Vec<T>`",
			"resource": "/home/ahmadradhy/tugasakhir-fairuz/jetson_yolo_count/src/main.rs"
		}
	],
	"origin": "extHost1"
},{
	"resource": "/home/ahmadradhy/tugasakhir-fairuz/jetson_yolo_count/src/main.rs",
	"owner": "rust-analyzer",
	"code": {
		"value": "E0004",
		"target": {
			"$mid": 1,
			"path": "/stable/error_codes/E0004.html",
			"scheme": "https",
			"authority": "doc.rust-lang.org"
		}
	},
	"severity": 8,
	"message": "missing match arm: `None` not covered",
	"source": "rust-analyzer",
	"startLineNumber": 254,
	"startColumn": 15,
	"endLineNumber": 254,
	"endColumn": 43,
	"origin": "extHost1"
},{
	"resource": "/home/ahmadradhy/tugasakhir-fairuz/jetson_yolo_count/src/main.rs",
	"owner": "rustc",
	"code": {
		"value": "Click for full compiler diagnostic",
		"target": {
			"$mid": 1,
			"path": "/diagnostic message [7]",
			"scheme": "rust-analyzer-diagnostics-view",
			"query": "7",
			"fragment": "file:///home/ahmadradhy/tugasakhir-fairuz/jetson_yolo_count/src/main.rs"
		}
	},
	"severity": 8,
	"message": "no method named `create_execution_context` found for struct `async_tensorrt::Engine` in the current scope\nmethod not found in `async_tensorrt::Engine`",
	"source": "rustc",
	"startLineNumber": 274,
	"startColumn": 26,
	"endLineNumber": 274,
	"endColumn": 50,
	"origin": "extHost1"
},{
	"resource": "/home/ahmadradhy/tugasakhir-fairuz/jetson_yolo_count/src/main.rs",
	"owner": "rustc",
	"code": {
		"value": "Click for full compiler diagnostic",
		"target": {
			"$mid": 1,
			"path": "/diagnostic message [8]",
			"scheme": "rust-analyzer-diagnostics-view",
			"query": "8",
			"fragment": "file:///home/ahmadradhy/tugasakhir-fairuz/jetson_yolo_count/src/main.rs"
		}
	},
	"severity": 8,
	"message": "the trait bound `std::option::Option<ClockTime>: From<std::time::Duration>` is not satisfied\nthe following other types implement trait `From<T>`:\n  `std::option::Option<&T>` implements `From<&std::option::Option<T>>`\n  `std::option::Option<&mut T>` implements `From<&mut std::option::Option<T>>`\n  `std::option::Option<&tracing_core::metadata::Metadata<'_>>` implements `From<&tracing_core::span::Current>`\n  `std::option::Option<&tracing_core::span::Id>` implements `From<&tracing::span::EnteredSpan>`\n  `std::option::Option<&tracing_core::span::Id>` implements `From<&tracing::span::Span>`\n  `std::option::Option<&tracing_core::span::Id>` implements `From<&tracing_core::span::Current>`\n  `std::option::Option<T>` implements `From<T>`\n  `std::option::Option<either::Either<A, B>>` implements `From<itertools::either_or_both::EitherOrBoth<A, B>>`\nand 7 others\nrequired for `std::time::Duration` to implement `Into<std::option::Option<ClockTime>>`",
	"source": "rustc",
	"startLineNumber": 287,
	"startColumn": 52,
	"endLineNumber": 287,
	"endColumn": 78,
	"relatedInformation": [
		{
			"startLineNumber": 287,
			"startColumn": 36,
			"endLineNumber": 287,
			"endColumn": 51,
			"message": "required by a bound introduced by this call",
			"resource": "/home/ahmadradhy/tugasakhir-fairuz/jetson_yolo_count/src/main.rs"
		},
		{
			"startLineNumber": 196,
			"startColumn": 23,
			"endLineNumber": 196,
			"endColumn": 51,
			"message": "required by a bound in `AppSink::try_pull_sample`",
			"resource": "/home/ahmadradhy/.cargo/registry/src/index.crates.io-1949cf8c6b5b557f/gstreamer-app-0.22.6/src/auto/app_sink.rs"
		}
	],
	"origin": "extHost1"
},{
	"resource": "/home/ahmadradhy/tugasakhir-fairuz/jetson_yolo_count/src/main.rs",
	"owner": "rustc",
	"code": {
		"value": "Click for full compiler diagnostic",
		"target": {
			"$mid": 1,
			"path": "/diagnostic message [1]",
			"scheme": "rust-analyzer-diagnostics-view",
			"query": "1",
			"fragment": "file:///home/ahmadradhy/tugasakhir-fairuz/jetson_yolo_count/src/main.rs"
		}
	},
	"severity": 8,
	"message": "unresolved import `async_cuda::memory::CopyDestination`\nno `CopyDestination` in `memory`",
	"source": "rustc",
	"startLineNumber": 327,
	"startColumn": 48,
	"endLineNumber": 327,
	"endColumn": 63,
	"origin": "extHost1"
},{
	"resource": "/home/ahmadradhy/tugasakhir-fairuz/jetson_yolo_count/src/main.rs",
	"owner": "rustc",
	"code": {
		"value": "Click for full compiler diagnostic",
		"target": {
			"$mid": 1,
			"path": "/diagnostic message [10]",
			"scheme": "rust-analyzer-diagnostics-view",
			"query": "10",
			"fragment": "file:///home/ahmadradhy/tugasakhir-fairuz/jetson_yolo_count/src/main.rs"
		}
	},
	"severity": 8,
	"message": "this function takes 2 arguments but 1 argument was supplied",
	"source": "rustc",
	"startLineNumber": 329,
	"startColumn": 46,
	"endLineNumber": 329,
	"endColumn": 70,
	"relatedInformation": [
		{
			"startLineNumber": 329,
			"startColumn": 70,
			"endLineNumber": 329,
			"endColumn": 82,
			"message": "argument #2 of type `&async_cuda::Stream` is missing",
			"resource": "/home/ahmadradhy/tugasakhir-fairuz/jetson_yolo_count/src/main.rs"
		},
		{
			"startLineNumber": 61,
			"startColumn": 18,
			"endLineNumber": 61,
			"endColumn": 28,
			"message": "associated function defined here",
			"resource": "/home/ahmadradhy/.cargo/registry/src/index.crates.io-1949cf8c6b5b557f/async-cuda-0.6.1/src/memory/device.rs"
		},
		{
			"startLineNumber": 329,
			"startColumn": 70,
			"endLineNumber": 329,
			"endColumn": 82,
			"message": "provide the argument: `(&input_chw, /* &async_cuda::Stream */)`",
			"resource": "/home/ahmadradhy/tugasakhir-fairuz/jetson_yolo_count/src/main.rs"
		}
	],
	"origin": "extHost1"
},{
	"resource": "/home/ahmadradhy/tugasakhir-fairuz/jetson_yolo_count/src/main.rs",
	"owner": "rust-analyzer",
	"code": {
		"value": "E0107",
		"target": {
			"$mid": 1,
			"path": "/stable/error_codes/E0107.html",
			"scheme": "https",
			"authority": "doc.rust-lang.org"
		}
	},
	"severity": 8,
	"message": "expected 2 arguments, found 1",
	"source": "rust-analyzer",
	"startLineNumber": 329,
	"startColumn": 81,
	"endLineNumber": 329,
	"endColumn": 82,
	"origin": "extHost1"
},{
	"resource": "/home/ahmadradhy/tugasakhir-fairuz/jetson_yolo_count/src/main.rs",
	"owner": "rustc",
	"code": {
		"value": "Click for full compiler diagnostic",
		"target": {
			"$mid": 1,
			"path": "/diagnostic message [13]",
			"scheme": "rust-analyzer-diagnostics-view",
			"query": "13",
			"fragment": "file:///home/ahmadradhy/tugasakhir-fairuz/jetson_yolo_count/src/main.rs"
		}
	},
	"severity": 8,
	"message": "this function takes 2 arguments but 1 argument was supplied",
	"source": "rustc",
	"startLineNumber": 331,
	"startColumn": 47,
	"endLineNumber": 331,
	"endColumn": 64,
	"relatedInformation": [
		{
			"startLineNumber": 331,
			"startColumn": 64,
			"endLineNumber": 331,
			"endColumn": 75,
			"message": "argument #2 of type `&async_cuda::Stream` is missing",
			"resource": "/home/ahmadradhy/tugasakhir-fairuz/jetson_yolo_count/src/main.rs"
		},
		{
			"startLineNumber": 42,
			"startColumn": 18,
			"endLineNumber": 42,
			"endColumn": 21,
			"message": "associated function defined here",
			"resource": "/home/ahmadradhy/.cargo/registry/src/index.crates.io-1949cf8c6b5b557f/async-cuda-0.6.1/src/memory/device.rs"
		},
		{
			"startLineNumber": 331,
			"startColumn": 64,
			"endLineNumber": 331,
			"endColumn": 75,
			"message": "provide the argument: `(out_elems, /* &async_cuda::Stream */)`",
			"resource": "/home/ahmadradhy/tugasakhir-fairuz/jetson_yolo_count/src/main.rs"
		}
	],
	"origin": "extHost1"
},{
	"resource": "/home/ahmadradhy/tugasakhir-fairuz/jetson_yolo_count/src/main.rs",
	"owner": "rust-analyzer",
	"code": {
		"value": "E0107",
		"target": {
			"$mid": 1,
			"path": "/stable/error_codes/E0107.html",
			"scheme": "https",
			"authority": "doc.rust-lang.org"
		}
	},
	"severity": 8,
	"message": "expected 2 arguments, found 1",
	"source": "rust-analyzer",
	"startLineNumber": 331,
	"startColumn": 74,
	"endLineNumber": 331,
	"endColumn": 75,
	"origin": "extHost1"
},{
	"resource": "/home/ahmadradhy/tugasakhir-fairuz/jetson_yolo_count/src/main.rs",
	"owner": "rustc",
	"code": {
		"value": "Click for full compiler diagnostic",
		"target": {
			"$mid": 1,
			"path": "/diagnostic message [16]",
			"scheme": "rust-analyzer-diagnostics-view",
			"query": "16",
			"fragment": "file:///home/ahmadradhy/tugasakhir-fairuz/jetson_yolo_count/src/main.rs"
		}
	},
	"severity": 8,
	"message": "the method `context` exists for struct `async_cuda::DeviceBuffer<_>`, but its trait bounds were not satisfied\nthe following trait bounds were not satisfied:\n`async_cuda::DeviceBuffer<_>: IsA<gstreamer::Element>`\nwhich is required by `async_cuda::DeviceBuffer<_>: gstreamer::prelude::ElementExt`",
	"source": "rustc",
	"startLineNumber": 332,
	"startColumn": 14,
	"endLineNumber": 332,
	"endColumn": 21,
	"relatedInformation": [
		{
			"startLineNumber": 331,
			"startColumn": 47,
			"endLineNumber": 332,
			"endColumn": 14,
			"message": " ",
			"resource": "/home/ahmadradhy/tugasakhir-fairuz/jetson_yolo_count/src/main.rs"
		},
		{
			"startLineNumber": 24,
			"startColumn": 1,
			"endLineNumber": 24,
			"endColumn": 43,
			"message": "doesn't satisfy `_: ElementExt` or `_: IsA<Element>`",
			"resource": "/home/ahmadradhy/.cargo/registry/src/index.crates.io-1949cf8c6b5b557f/async-cuda-0.6.1/src/memory/device.rs"
		}
	],
	"origin": "extHost1"
},{
	"resource": "/home/ahmadradhy/tugasakhir-fairuz/jetson_yolo_count/src/main.rs",
	"owner": "rustc",
	"code": {
		"value": "Click for full compiler diagnostic",
		"target": {
			"$mid": 1,
			"path": "/diagnostic message [18]",
			"scheme": "rust-analyzer-diagnostics-view",
			"query": "18",
			"fragment": "file:///home/ahmadradhy/tugasakhir-fairuz/jetson_yolo_count/src/main.rs"
		}
	},
	"severity": 8,
	"message": "no method named `as_device_ptr` found for struct `async_cuda::DeviceBuffer` in the current scope\nmethod not found in `async_cuda::DeviceBuffer<f32>`",
	"source": "rustc",
	"startLineNumber": 335,
	"startColumn": 53,
	"endLineNumber": 335,
	"endColumn": 66,
	"origin": "extHost1"
},{
	"resource": "/home/ahmadradhy/tugasakhir-fairuz/jetson_yolo_count/src/main.rs",
	"owner": "rustc",
	"code": {
		"value": "Click for full compiler diagnostic",
		"target": {
			"$mid": 1,
			"path": "/diagnostic message [19]",
			"scheme": "rust-analyzer-diagnostics-view",
			"query": "19",
			"fragment": "file:///home/ahmadradhy/tugasakhir-fairuz/jetson_yolo_count/src/main.rs"
		}
	},
	"severity": 8,
	"message": "no method named `synchronize` found for enum `Result` in the current scope\nmethod not found in `Result<async_cuda::Stream, async_cuda::Error>`",
	"source": "rustc",
	"startLineNumber": 346,
	"startColumn": 16,
	"endLineNumber": 346,
	"endColumn": 27,
	"relatedInformation": [
		{
			"startLineNumber": 54,
			"startColumn": 5,
			"endLineNumber": 54,
			"endColumn": 50,
			"message": "the method `synchronize` exists on the type `async_cuda::Stream`",
			"resource": "/home/ahmadradhy/.cargo/registry/src/index.crates.io-1949cf8c6b5b557f/async-cuda-0.6.1/src/stream.rs"
		},
		{
			"startLineNumber": 346,
			"startColumn": 15,
			"endLineNumber": 346,
			"endColumn": 15,
			"message": "use the `?` operator to extract the `async_cuda::Stream` value, propagating a `Result::Err` value to the caller: `?`",
			"resource": "/home/ahmadradhy/tugasakhir-fairuz/jetson_yolo_count/src/main.rs"
		}
	],
	"origin": "extHost1"
},{
	"resource": "/home/ahmadradhy/tugasakhir-fairuz/jetson_yolo_count/src/main.rs",
	"owner": "rust-analyzer",
	"code": {
		"value": "E0107",
		"target": {
			"$mid": 1,
			"path": "/stable/error_codes/E0107.html",
			"scheme": "https",
			"authority": "doc.rust-lang.org"
		}
	},
	"severity": 8,
	"message": "expected 2 arguments, found 1",
	"source": "rust-analyzer",
	"startLineNumber": 347,
	"startColumn": 39,
	"endLineNumber": 347,
	"endColumn": 40,
	"origin": "extHost1"
},{
	"resource": "/home/ahmadradhy/tugasakhir-fairuz/jetson_yolo_count/src/main.rs",
	"owner": "rustc",
	"code": {
		"value": "Click for full compiler diagnostic",
		"target": {
			"$mid": 1,
			"path": "/diagnostic message [2]",
			"scheme": "rust-analyzer-diagnostics-view",
			"query": "2",
			"fragment": "file:///home/ahmadradhy/tugasakhir-fairuz/jetson_yolo_count/src/main.rs"
		}
	},
	"severity": 4,
	"message": "unused import: `ndarray::Array3`\n`#[warn(unused_imports)]` on by default",
	"source": "rustc",
	"startLineNumber": 12,
	"startColumn": 5,
	"endLineNumber": 12,
	"endColumn": 20,
	"relatedInformation": [
		{
			"startLineNumber": 12,
			"startColumn": 1,
			"endLineNumber": 13,
			"endColumn": 1,
			"message": "remove the whole `use` item",
			"resource": "/home/ahmadradhy/tugasakhir-fairuz/jetson_yolo_count/src/main.rs"
		}
	],
	"tags": [
		1
	],
	"origin": "extHost1"
}]






warning: unused import: `ndarray::ArrayViewMut3`
 --> src/main.rs:7:5
  |
7 | use ndarray::ArrayViewMut3;
  |     ^^^^^^^^^^^^^^^^^^^^^^
  |
  = note: `#[warn(unused_imports)]` on by default

error[E0308]: mismatched types
   --> src/main.rs:366:33
    |
366 |         let outputs = model.run(tvec!(input))?;
    |                                 ^^^^^^-----^
    |                                 |     |
    |                                 |     this argument has type `tract_onnx::prelude::Tensor`...
    |                                 expected `SmallVec<[TValue; 4]>`, found `SmallVec<[Tensor; 4]>`
    |                                 ... which causes `vec` to have type `SmallVec<[tract_onnx::prelude::Tensor; 4]>`
    |
    = note: expected struct `SmallVec<[TValue; 4]>`
               found struct `SmallVec<[tract_onnx::prelude::Tensor; 4]>`
    = note: this error originates in the macro `tvec` (in Nightly builds, run with -Z macro-backtrace for more info)
help: call `Into::into` on this expression to convert `tract_onnx::prelude::Tensor` into `TValue`
    |
366 |         let outputs = model.run(tvec!(input.into()))?;
    |                                            +++++++

error[E0308]: mismatched types
   --> src/main.rs:366:39
    |
366 |         let outputs = model.run(tvec!(input))?;
    |                                       ^^^^^ expected `TValue`, found `Tensor`
    |
help: call `Into::into` on this expression to convert `tract_onnx::prelude::Tensor` into `TValue`
    |
366 |         let outputs = model.run(tvec!(input.into()))?;
    |                                            +++++++

For more information about this error, try `rustc --explain E0308`.
warning: `jetson_yolo_count` (bin "jetson_yolo_count") generated 1 warning
error: could not compile `jetson_yolo_count` (bin "jetson_yolo_count") due to 2 previous errors; 1 warning emitted


# jalankan
./target/release/jetson_yolo_count \
  --onnx ./best.onnx \
  --classes ./classes.json \
  --device /dev/video0 \
  --imgsz 640 --conf 0.25 --iou 0.45 --verbose



./target/release/jetson_yolo_count \
  --onnx ./best.onnx \
  --classes ./classes.json \
  --device /dev/video0 \
  --imgsz 640 --conf 0.25 --iou 0.45 --verbose
Error: gagal load onnx: "./best.onnx"

Caused by:
    0: Parsing as TDim: `(((height - 1)//2)) + 1'
    1: Failed to parse "(((height - 1)//2)) + 1", Error(VerboseError { errors: [("//2)) + 1", Nom(Tag)), ("((height - 1)//2)) + 1", Nom(Alt)), ("(((height - 1)//2)) + 1", Nom(Alt))] })


warning: use of deprecated method `tract_onnx::prelude::ndarray::impl_owned_array::<impl tract_onnx::prelude::ndarray::ArrayBase<tract_onnx::prelude::ndarray::OwnedRepr<A>, D>>::into_raw_vec`: Use .into_raw_vec_and_offset() instead
   --> src/main.rs:389:45
    |
389 |         let flat: Vec<f32> = out.to_owned().into_raw_vec();
    |                                             ^^^^^^^^^^^^
    |
    = note: `#[warn(deprecated)]` on by default






[{
	"resource": "/home/ahmadradhy/tugasakhir-fairuz/jetson_yolo_count/src/main.rs",
	"owner": "rustc",
	"code": {
		"value": "Click for full compiler diagnostic",
		"target": {
			"$mid": 1,
			"path": "/diagnostic message [0]",
			"scheme": "rust-analyzer-diagnostics-view",
			"query": "0",
			"fragment": "file:///home/ahmadradhy/tugasakhir-fairuz/jetson_yolo_count/src/main.rs"
		}
	},
	"severity": 8,
	"message": "mismatched types\nexpected tuple `(Pipeline, AppSrc)`\n   found tuple `(_, _, _, _)`",
	"source": "rustc",
	"startLineNumber": 426,
	"startColumn": 17,
	"endLineNumber": 426,
	"endColumn": 40,
	"relatedInformation": [
		{
			"startLineNumber": 426,
			"startColumn": 43,
			"endLineNumber": 426,
			"endColumn": 90,
			"message": "this expression has type `(Pipeline, AppSrc)`",
			"resource": "/home/ahmadradhy/tugasakhir-fairuz/jetson_yolo_count/src/main.rs"
		}
	],
	"origin": "extHost1"
}]




[{
	"resource": "/home/ahmadradhy/tugasakhir-fairuz/jetson_yolo_count/src/main.rs",
	"owner": "rustc",
	"code": {
		"value": "Click for full compiler diagnostic",
		"target": {
			"$mid": 1,
			"path": "/diagnostic message [0]",
			"scheme": "rust-analyzer-diagnostics-view",
			"query": "0",
			"fragment": "file:///home/ahmadradhy/tugasakhir-fairuz/jetson_yolo_count/src/main.rs"
		}
	},
	"severity": 8,
	"message": "mismatched types\nexpected enum `Result<(Pipeline, AppSrc), anyhow::Error>`\n  found tuple `(_, _)`",
	"source": "rustc",
	"startLineNumber": 426,
	"startColumn": 17,
	"endLineNumber": 426,
	"endColumn": 34,
	"relatedInformation": [
		{
			"startLineNumber": 426,
			"startColumn": 37,
			"endLineNumber": 426,
			"endColumn": 83,
			"message": "this expression has type `Result<(Pipeline, AppSrc), anyhow::Error>`",
			"resource": "/home/ahmadradhy/tugasakhir-fairuz/jetson_yolo_count/src/main.rs"
		},
		{
			"startLineNumber": 426,
			"startColumn": 17,
			"endLineNumber": 426,
			"endColumn": 17,
			"message": "try wrapping the pattern in `Ok`: `Ok(`, `)`",
			"resource": "/home/ahmadradhy/tugasakhir-fairuz/jetson_yolo_count/src/main.rs"
		}
	],
	"origin": "extHost1"
}]


[{
	"resource": "/home/ahmadradhy/tugasakhir-fairuz/jetson_yolo_count/src/main.rs",
	"owner": "rustc",
	"code": {
		"value": "Click for full compiler diagnostic",
		"target": {
			"$mid": 1,
			"path": "/diagnostic message [2]",
			"scheme": "rust-analyzer-diagnostics-view",
			"query": "2",
			"fragment": "file:///home/ahmadradhy/tugasakhir-fairuz/jetson_yolo_count/src/main.rs"
		}
	},
	"severity": 8,
	"message": "cannot borrow data in dereference of `gstreamer::Buffer` as mutable\ntrait `DerefMut` is required to modify through a dereference, but it is not implemented for `gstreamer::Buffer`",
	"source": "rustc",
	"startLineNumber": 474,
	"startColumn": 32,
	"endLineNumber": 474,
	"endColumn": 38,
	"origin": "extHost1"
},{
	"resource": "/home/ahmadradhy/tugasakhir-fairuz/jetson_yolo_count/src/main.rs",
	"owner": "rustc",
	"code": {
		"value": "Click for full compiler diagnostic",
		"target": {
			"$mid": 1,
			"path": "/diagnostic message [0]",
			"scheme": "rust-analyzer-diagnostics-view",
			"query": "0",
			"fragment": "file:///home/ahmadradhy/tugasakhir-fairuz/jetson_yolo_count/src/main.rs"
		}
	},
	"severity": 4,
	"message": "variable does not need to be mutable\n`#[warn(unused_mut)]` on by default",
	"source": "rustc",
	"startLineNumber": 472,
	"startColumn": 17,
	"endLineNumber": 472,
	"endColumn": 27,
	"relatedInformation": [
		{
			"startLineNumber": 472,
			"startColumn": 17,
			"endLineNumber": 472,
			"endColumn": 21,
			"message": "remove this `mut`",
			"resource": "/home/ahmadradhy/tugasakhir-fairuz/jetson_yolo_count/src/main.rs"
		}
	],
	"origin": "extHost1"
}]


./target/release/jetson_yolo_count \
  --onnx ./best_640_simp.onnx \
  --classes ./classes.json \
  --device /dev/video0 \
  --imgsz 640 --conf 0.20 --iou 0.45 \
  --filter-vehicle=false \
  --verbose



error: failed to run custom build command for `tensorrt-sys v0.3.0`

Caused by:
  process didn't exit successfully: `/home/ahmadradhy/tugasakhir-fairuz/jetson_yolo_count/target/debug/build/tensorrt-sys-2ca3ac782538b488/build-script-build` (exit status: 101)
  --- stdout
  cargo:rustc-link-lib=static=trt-sys
  cargo:rustc-flags=-l dylib=stdc++
  link path:  /lib/aarch64-linux-gnu/libnvinfer.so

  --- stderr

  thread 'main' panicked at /home/ahmadradhy/.cargo/registry/src/index.crates.io-1949cf8c6b5b557f/tensorrt-sys-0.3.0/build.rs:50:9:
  Invalid nvinfer version found. Expected: libnvinfer.so.5.1.5, Found: libnvinfer.so.10.3.0
  note: run with `RUST_BACKTRACE=1` environment variable to display a backtrace
warning: build failed, waiting for other jobs to finish...


sudo apt install -y tensorrt libnvinfer-dev libnvonnxparsers-dev libnvinfer-plugin-dev





ahmadradhy@ubuntu:~/tugasakhir-fairuz/jetson_yolo_count$ /usr/src/tensorrt/bin/trtexec --onnx=best.onnx --dumpLayerInfo --verbose | grep -m1 "Binding 0"
[10/06/2025-01:58:31] [W] * GPU compute time is unstable, with coefficient of variance = 5.01618%.
[10/06/2025-01:58:31] [W]   If not already in use, locking GPU clock frequency or adding --useSpinWait may improve the stability.




error[E0282]: type annotations needed for `Box<_>`
  --> /home/ahmadradhy/.cargo/registry/src/index.crates.io-1949cf8c6b5b557f/time-0.3.23/src/format_description/parse/mod.rs:83:9
   |
83 |     let items = format_items
   |         ^^^^^
...
86 |     Ok(items.into())
   |              ---- type must be known at this point
   |
help: consider giving `items` an explicit type, where the placeholders `_` are specified
   |
83 |     let items: Box<_> = format_items
   |              ++++++++


/usr/src/tensorrt/bin/trtexec --onnx=best.onnx \
  --saveEngine=best_640_fp16.engine \
  --fp16 --workspace=4096 \
  --minShapes=INPUT_NAME:1x3x640x640 \
  --optShapes=INPUT_NAME:1x3x640x640 \
  --maxShapes=INPUT_NAME:1x3x640x640


error[E0282]: type annotations needed for `Vec<_>`
  --> src/main.rs:53:9
   |
53 |     let mut keep=Vec::new();
   |         ^^^^^^^^
...
56 |             if d.cls==k.cls && iou(&d,k) > iou_t { continue 'outer; }
   |                       ----- type must be known at this point
   |
help: consider giving `keep` an explicit type, where the type for type parameter `T` is specified
   |
53 |     let mut keep: Vec<T>=Vec::new();
   |                 ++++++++

warning: use of deprecated method `ndarray::impl_owned_array::<impl ndarray::ArrayBase<ndarray::OwnedRepr<A>, D>>::into_raw_vec`: Use .into_raw_vec_and_offset() instead
   --> src/main.rs:213:30
    |
213 |     let flat: Vec<f32> = out.into_raw_vec();
    |                              ^^^^^^^^^^^^
    |
    = note: `#[warn(deprecated)]` on by default

For more information about this error, try `rustc --explain E0282`.
warning: `onnx_io_inspect` (bin "onnx_io_inspect") generated 1 warning
error: could not compile `onnx_io_inspect` (bin "onnx_io_inspect") due to 1 previous error; 1 warning emitted



error[E0277]: the trait bound `ArrayBase<OwnedRepr<f32>, Dim<[usize; 4]>>: WriteNpyExt` is not satisfied
  --> src/main.rs:46:26
   |
46 |     write_npy(&out_path, &arr).with_context(|| format!("write {:?}", out_path))?;
   |     ---------            ^^^^ the trait `WriteNpyExt` is not implemented for `ArrayBase<OwnedRepr<f32>, Dim<[usize; 4]>>`
   |     |
   |     required by a bound introduced by this call
   |
   = help: the trait `WriteNpyExt` is implemented for `ndarray::ArrayBase<S, D>`
note: required by a bound in `ndarray_npy::write_npy`
  --> /home/ahmadradhy/.cargo/registry/src/index.crates.io-1949cf8c6b5b557f/ndarray-npy-0.8.1/src/npy/mod.rs:63:8
   |
60 | pub fn write_npy<P, T>(path: P, array: &T) -> Result<(), WriteNpyError>
   |        --------- required by a bound in this function
...
63 |     T: WriteNpyExt,
   |        ^^^^^^^^^^^ required by this bound in `write_npy`

For more information about this error, try `rustc --explain E0277`.
error: could not compile `gen_npy` (bin "gen_npy") due to 1 previous error




error[E0599]: no method named `write_npy` found for struct `ArrayBase` in the current scope
  --> src/main.rs:46:9
   |
46 |     arr.write_npy(&out_path)
   |         ^^^^^^^^^ method not found in `ArrayBase<OwnedRepr<f32>, Dim<[usize; 4]>>`

For more information about this error, try `rustc --explain E0599`.
error: could not compile `gen_npy` (bin "gen_npy") due to 1 previous error



error[E0277]: the trait bound `&f32: Serializable` is not satisfied
   --> src/main.rs:46:5
    |
 46 |     to_file(&out_path, &arr).with_context(|| format!("write {:?}", out_path))?;
    |     ^^^^^^^^^^^^^^^^^^^^^^^^ the trait `Serializable` is not implemented for `&f32`
    |
note: required by a bound in `to_file`
   --> /home/ahmadradhy/.cargo/registry/src/index.crates.io-1949cf8c6b5b557f/npy-0.4.0/src/out_file.rs:106:12
    |
104 | pub fn to_file<'a, S, T, P>(filename: P, data: T) -> ::std::io::Result<()> where
    |        ------- required by a bound in this function
105 |         P: AsRef<Path>,
106 |         S: Serializable + 'a,
    |            ^^^^^^^^^^^^ required by this bound in `to_file`
help: consider borrowing here
    |
 46 |     (&to_file(&out_path, &arr)).with_context(|| format!("write {:?}", out_path))?;
    |     ++                        +

For more information about this error, try `rustc --explain E0277`.
error: could not compile `gen_npy` (bin "gen_npy") due to 1 previous error

ahmadradhy@ubuntu:~/Image_processing$ cargo build --release
   Compiling image_processor v0.1.0 (/home/ahmadradhy/Image_processing)
warning: unused import: `MatTrait`
 --> src/main.rs:3:23
  |
3 |     core::{self, Mat, MatTrait, MatTraitConst, MatTraitConstManual, Scala...
  |                       ^^^^^^^^
  |
  = note: `#[warn(unused_imports)]` on by default

error[E0308]: mismatched types
   --> src/main.rs:184:35
    |
184 |     let cand1 = decode_matrix_cxn(&m_cxn, c, n, conf, &class_names, ori...
    |                 ----------------- ^^^^^^ expected `&Mat`, found `&BoxedRef<'_, Mat>`
    |                 |
    |                 arguments to this function are incorrect
    |
    = note: expected reference `&Mat`
               found reference `&BoxedRef<'_, Mat>`
note: function defined here
   --> src/main.rs:70:4
    |
 70 | fn decode_matrix_cxn(
    |    ^^^^^^^^^^^^^^^^^
 71 |     m:&Mat, c:usize, n:usize, conf:f32, class_names:&[String],
    |     ------

warning: unused variable: `class_names`
  --> src/main.rs:71:41
   |
71 |     m:&Mat, c:usize, n:usize, conf:f32, class_names:&[String],
   |                                         ^^^^^^^^^^^ help: if this is intentional, prefix it with an underscore: `_class_names`
   |
   = note: `#[warn(unused_variables)]` on by default

error[E0515]: cannot return value referencing local variable `rmat`
  --> src/main.rs:77:9
   |
77 |         Ok(rmat.data_typed()?)
   |         ^^^----^^^^^^^^^^^^^^^
   |         |  |
   |         |  `rmat` is borrowed here
   |         returns a value referencing data owned by the current function

Some errors have detailed explanations: E0308, E0515.
For more information about an error, try `rustc --explain E0308`.
warning: `image_processor` (bin "image_processor") generated 2 warnings
error: could not compile `image_processor` (bin "image_processor") due to 2 previous errors; 2 warnings emitted
